Arguments: 
  C:\nodejs\node.exe C:\Program Files (x86)\Yarn\bin\yarn.js add prisma -D

PATH: 
  M:\ProgramFiles\ImageMagick-7.1.1-Q16-HDRI;C:\Python37\Scripts\;C:\Python37\;C:\Windows;C:\Windows\System32\Wbem;C:\Program Files (x86)\Common Files\Oracle\Java\javapath;C:\Program Files\Java\jdk1.8.0_171;C:\Java\jre1.8.0_202\bin;C:\Users\russc\AppData\Local\Programs\Microsoft VS Code\bin;C:\Windows\system32\WindowsPowerShell\v1.0\;C:\PLM\visualization\Products\Mockup\ClearanceDB;C:\Program Files\CMake\bin;C:\Program Files\Microsoft SQL Server\130\Tools\Binn\;C:\Program Files\Siemens\NX1926\CAPITALINTEGRATION\capitalnxremote\;C:\nodejs\;C:\Program Files (x86)\Yarn\bin\;C:\Program Files\dotnet\;C:\Program Files\Git\cmd;C:\Program Files (x86)\Windows Kits\10\Windows Performance Toolkit\;C:\Ruby31-x64\bin;C:\Program Files\Eclipse Adoptium\jdk-11.0.13.8-hotspot\bin;C:\Windows;C:\Windows\System32\Wbem;C:\Program Files (x86)\Common Files\Oracle\Java\javapath;C:\Program Files\Java\jdk1.8.0_171;C:\Program Files\Eclipse Adoptium\jdk-8.0.312.7-hotspot\bin;C:\Java\jre1.8.0_202\bin;C:\Users\russc\AppData\Local\Programs\Microsoft VS Code\bin;C:\Users\russc\AppData\Local\Programs\Microsoft VS Code;C:\Program Files\Siemens\NX1980\UGII;C:\Windows\system32\WindowsPowerShell\v1.0;C:\ProgramData\chocolatey;C:\Users\russc\.dotnet\tools;C:\nodejs;C:\Python27;C:\Program Files\Git\bin;C:\Program Files (x86)\Microsoft Visual Studio\2022\Community\VC\Tools\MSVC\14.29.30133\bin\HostX64\x64;C:\Windows\System32;C:\Program Files\Siemens\NX 10.0\UGII;C:\Users\russc\AppData\Roaming\npm;C:\Users\russc\AppData\Local\Yarn\bin;C:\ProgramData\chocolatey\bin;C:\Program Files (x86)\Microsoft\Edge\Application;C:\Users\russc\.fly\bin;C:\Program Files (x86)\MongoDB Atlas CLI\;C:\Users\russc\.dotnet\tools

Yarn version: 
  1.22.19

Node version: 
  18.15.0

Platform: 
  win32 x64

Trace: 
  Error: EPERM: operation not permitted, unlink 'D:\development\webApp\react\remix\mui_sandbox\node_modules\@esbuild\win32-x64\esbuild.exe'

npm manifest: 
  {
    "name": "mui-sandbox",
    "private": true,
    "sideEffects": false,
    "type": "module",
    "scripts": {
      "build": "remix build",
      "dev": "remix dev --manual",
      "lint": "eslint --ignore-path .gitignore --cache --cache-location ./node_modules/.cache/eslint .",
      "start": "remix-serve ./build/index.js",
      "typecheck": "tsc"
    },
    "dependencies": {
      "@remix-run/css-bundle": "^2.4.1",
      "@remix-run/node": "^2.4.1",
      "@remix-run/react": "^2.4.1",
      "@remix-run/serve": "^2.4.1",
      "isbot": "^3.6.8",
      "react": "^18.2.0",
      "react-dom": "^18.2.0"
    },
    "devDependencies": {
      "@remix-run/dev": "^2.4.1",
      "@types/react": "^18.2.20",
      "@types/react-dom": "^18.2.7",
      "@typescript-eslint/eslint-plugin": "^6.7.4",
      "eslint": "^8.38.0",
      "eslint-config-prettier": "^9.0.0",
      "eslint-plugin-import": "^2.28.1",
      "eslint-plugin-jsx-a11y": "^6.7.1",
      "eslint-plugin-react": "^7.33.2",
      "eslint-plugin-react-hooks": "^4.6.0",
      "typescript": "^5.1.6"
    },
    "engines": {
      "node": ">=18.0.0"
    }
  }

yarn manifest: 
  No manifest

Lockfile: 
  No lockfile
